<?xml version="1.0" encoding="UTF-8" standalone="no"?>
<!DOCTYPE log SYSTEM "logger.dtd">
<log>
<record>
  <date>2019-01-25T10:53:37</date>
  <millis>1548431617771</millis>
  <sequence>0</sequence>
  <level>START</level>
  <class>com.kms.katalon.core.logging.XmlKeywordLogger</class>
  <method>startSuite</method>
  <thread>1</thread>
  <message>Start Test Suite : Test Suites/reserva</message>
  <nestedLevel>0</nestedLevel>
  <property name="name">reserva</property>
  <property name="description"></property>
  <property name="id">Test Suites/reserva</property>
</record>
<record>
  <date>2019-01-25T10:53:37</date>
  <millis>1548431617783</millis>
  <sequence>1</sequence>
  <level>RUN_DATA</level>
  <class>com.kms.katalon.core.logging.XmlKeywordLogger</class>
  <method>logMessage</method>
  <thread>1</thread>
  <message>hostName = Cvalencia - P-Cvalencia.intergrupo.com</message>
  <nestedLevel>0</nestedLevel>
  <property name="hostName">Cvalencia - P-Cvalencia.intergrupo.com</property>
</record>
<record>
  <date>2019-01-25T10:53:37</date>
  <millis>1548431617785</millis>
  <sequence>2</sequence>
  <level>RUN_DATA</level>
  <class>com.kms.katalon.core.logging.XmlKeywordLogger</class>
  <method>logMessage</method>
  <thread>1</thread>
  <message>os = Windows 10 64bit</message>
  <nestedLevel>0</nestedLevel>
  <property name="os">Windows 10 64bit</property>
</record>
<record>
  <date>2019-01-25T10:53:37</date>
  <millis>1548431617785</millis>
  <sequence>3</sequence>
  <level>RUN_DATA</level>
  <class>com.kms.katalon.core.logging.XmlKeywordLogger</class>
  <method>logMessage</method>
  <thread>1</thread>
  <message>hostAddress = 10.60.27.220</message>
  <nestedLevel>0</nestedLevel>
  <property name="hostAddress">10.60.27.220</property>
</record>
<record>
  <date>2019-01-25T10:53:37</date>
  <millis>1548431617786</millis>
  <sequence>4</sequence>
  <level>RUN_DATA</level>
  <class>com.kms.katalon.core.logging.XmlKeywordLogger</class>
  <method>logMessage</method>
  <thread>1</thread>
  <message>katalonVersion = 5.10.1.1</message>
  <nestedLevel>0</nestedLevel>
  <property name="katalonVersion">5.10.1.1</property>
</record>
<record>
  <date>2019-01-25T10:53:37</date>
  <millis>1548431617973</millis>
  <sequence>5</sequence>
  <level>START</level>
  <class>com.kms.katalon.core.logging.XmlKeywordLogger</class>
  <method>startTest</method>
  <thread>1</thread>
  <message>Start Test Case : Test Cases/RepostesReservas</message>
  <nestedLevel>1</nestedLevel>
  <property name="name">Test Cases/RepostesReservas</property>
  <property name="description"></property>
  <property name="id">Test Cases/RepostesReservas</property>
  <property name="source">C:\\Users\\cvalencia\\Katalon Studio\\Tiquetes\\Test Cases\\RepostesReservas.tc</property>
  <property name="isOptional">false</property>
</record>
<record>
  <date>2019-01-25T10:53:38</date>
  <millis>1548431618203</millis>
  <sequence>7</sequence>
  <level>START</level>
  <class>com.kms.katalon.core.logging.XmlKeywordLogger</class>
  <method>startKeyword</method>
  <thread>1</thread>
  <message>Start action : runFeatureFile(\&amp;quot;Include/features/reserva2.feature\&amp;quot;)</message>
  <nestedLevel>1</nestedLevel>
  <property name="startLine">17</property>
  <property name="stepIndex">1</property>
</record>
<record>
  <date>2019-01-25T10:53:38</date>
  <millis>1548431618228</millis>
  <sequence>8</sequence>
  <level>INFO</level>
  <class>com.kms.katalon.core.logging.XmlKeywordLogger</class>
  <method>logMessage</method>
  <thread>1</thread>
  <message>Starting run keyword runFeatureFile: &amp;apos;Include/features/reserva2.feature&amp;apos; and extract report to folder: &amp;apos;C:\\Users\\cvalencia\\Katalon Studio\\Tiquetes\\Reports\\reserva\\20190125_105336/cucumber_report/1548431618221&amp;apos;...</message>
  <nestedLevel>1</nestedLevel>
</record>
<record>
  <date>2019-01-25T10:53:38</date>
  <millis>1548431618685</millis>
  <sequence>9</sequence>
  <level>START</level>
  <class>com.kms.katalon.core.logging.XmlKeywordLogger</class>
  <method>startTest</method>
  <thread>1</thread>
  <message>Start Test Case : SCENARIO consulta de reserva</message>
  <nestedLevel>2</nestedLevel>
</record>
<record>
  <date>2019-01-25T10:53:38</date>
  <millis>1548431618686</millis>
  <sequence>10</sequence>
  <level>START</level>
  <class>com.kms.katalon.core.logging.XmlKeywordLogger</class>
  <method>startKeyword</method>
  <thread>1</thread>
  <message>Start action : ingreso a la pagina y la opcion hoteles</message>
  <nestedLevel>2</nestedLevel>
</record>
<record>
  <date>2019-01-25T10:53:38</date>
  <millis>1548431618919</millis>
  <sequence>12</sequence>
  <level>INFO</level>
  <class>com.kms.katalon.core.logging.XmlKeywordLogger</class>
  <method>logMessage</method>
  <thread>1</thread>
  <message>Starting &amp;apos;Chrome&amp;apos; driver</message>
  <nestedLevel>2</nestedLevel>
</record>
<record>
  <date>2019-01-25T10:53:38</date>
  <millis>1548431618951</millis>
  <sequence>13</sequence>
  <level>INFO</level>
  <class>com.kms.katalon.core.logging.XmlKeywordLogger</class>
  <method>logMessage</method>
  <thread>1</thread>
  <message>Action delay is set to 0 seconds</message>
  <nestedLevel>2</nestedLevel>
</record>
<record>
  <date>2019-01-25T10:53:41</date>
  <millis>1548431621842</millis>
  <sequence>15</sequence>
  <level>RUN_DATA</level>
  <class>com.kms.katalon.core.logging.XmlKeywordLogger</class>
  <method>logMessage</method>
  <thread>1</thread>
  <message>sessionId = 04f242a7c96a70e2084d411878afc081</message>
  <nestedLevel>2</nestedLevel>
  <property name="sessionId">04f242a7c96a70e2084d411878afc081</property>
</record>
<record>
  <date>2019-01-25T10:53:41</date>
  <millis>1548431621876</millis>
  <sequence>16</sequence>
  <level>RUN_DATA</level>
  <class>com.kms.katalon.core.logging.XmlKeywordLogger</class>
  <method>logMessage</method>
  <thread>1</thread>
  <message>browser = Chrome 71.0.3578.98</message>
  <nestedLevel>2</nestedLevel>
  <property name="browser">Chrome 71.0.3578.98</property>
</record>
<record>
  <date>2019-01-25T10:53:41</date>
  <millis>1548431621876</millis>
  <sequence>17</sequence>
  <level>RUN_DATA</level>
  <class>com.kms.katalon.core.logging.XmlKeywordLogger</class>
  <method>logMessage</method>
  <thread>1</thread>
  <message>platform = Windows 10</message>
  <nestedLevel>2</nestedLevel>
  <property name="platform">Windows 10</property>
</record>
<record>
  <date>2019-01-25T10:53:41</date>
  <millis>1548431621879</millis>
  <sequence>18</sequence>
  <level>RUN_DATA</level>
  <class>com.kms.katalon.core.logging.XmlKeywordLogger</class>
  <method>logMessage</method>
  <thread>1</thread>
  <message>seleniumVersion = 3.7.1</message>
  <nestedLevel>2</nestedLevel>
  <property name="seleniumVersion">3.7.1</property>
</record>
<record>
  <date>2019-01-25T10:53:41</date>
  <millis>1548431621879</millis>
  <sequence>19</sequence>
  <level>RUN_DATA</level>
  <class>com.kms.katalon.core.logging.XmlKeywordLogger</class>
  <method>logMessage</method>
  <thread>1</thread>
  <message>proxyInformation = ProxyInformation{proxyOption=NO_PROXY, proxyServerType=HTTP, password=, proxyServerAddress=, proxyServerPort=0}</message>
  <nestedLevel>2</nestedLevel>
  <property name="proxyInformation">ProxyInformation{proxyOption=NO_PROXY, proxyServerType=HTTP, password=, proxyServerAddress=, proxyServerPort=0}</property>
</record>
<record>
  <date>2019-01-25T10:53:41</date>
  <millis>1548431621880</millis>
  <sequence>20</sequence>
  <level>PASSED</level>
  <class>com.kms.katalon.core.logging.XmlKeywordLogger</class>
  <method>logMessage</method>
  <thread>1</thread>
  <message>Browser is opened with url: &amp;apos;&amp;apos;</message>
  <nestedLevel>2</nestedLevel>
</record>
<record>
  <date>2019-01-25T10:53:46</date>
  <millis>1548431626479</millis>
  <sequence>23</sequence>
  <level>PASSED</level>
  <class>com.kms.katalon.core.logging.XmlKeywordLogger</class>
  <method>logMessage</method>
  <thread>1</thread>
  <message>Navigate to &amp;apos;https://www.tiquetesbaratos.com/&amp;apos; successfully</message>
  <nestedLevel>2</nestedLevel>
</record>
<record>
  <date>2019-01-25T10:53:46</date>
  <millis>1548431626490</millis>
  <sequence>24</sequence>
  <level>PASSED</level>
  <class>com.kms.katalon.core.logging.XmlKeywordLogger</class>
  <method>logMessage</method>
  <thread>1</thread>
  <message>ingreso a la pagina y la opcion hoteles</message>
  <nestedLevel>2</nestedLevel>
</record>
<record>
  <date>2019-01-25T10:53:46</date>
  <millis>1548431626491</millis>
  <sequence>25</sequence>
  <level>END</level>
  <class>com.kms.katalon.core.logging.XmlKeywordLogger</class>
  <method>endKeyword</method>
  <thread>1</thread>
  <message>End End action : ingreso a la pagina y la opcion hoteles</message>
  <nestedLevel>2</nestedLevel>
</record>
<record>
  <date>2019-01-25T10:53:46</date>
  <millis>1548431626493</millis>
  <sequence>26</sequence>
  <level>START</level>
  <class>com.kms.katalon.core.logging.XmlKeywordLogger</class>
  <method>startKeyword</method>
  <thread>1</thread>
  <message>Start action : le de clic en hoteles</message>
  <nestedLevel>2</nestedLevel>
</record>
<record>
  <date>2019-01-25T10:53:46</date>
  <millis>1548431626676</millis>
  <sequence>33</sequence>
  <level>PASSED</level>
  <class>com.kms.katalon.core.logging.XmlKeywordLogger</class>
  <method>logMessage</method>
  <thread>1</thread>
  <message>Object: &amp;apos;Object Repository/Page_tiquetes_baratos_2/Page_Tiquetes Baratos - Tiquetes y/a_Hoteles&amp;apos; is clicked on</message>
  <nestedLevel>2</nestedLevel>
</record>
<record>
  <date>2019-01-25T10:53:46</date>
  <millis>1548431626676</millis>
  <sequence>34</sequence>
  <level>PASSED</level>
  <class>com.kms.katalon.core.logging.XmlKeywordLogger</class>
  <method>logMessage</method>
  <thread>1</thread>
  <message>le de clic en hoteles</message>
  <nestedLevel>2</nestedLevel>
</record>
<record>
  <date>2019-01-25T10:53:46</date>
  <millis>1548431626677</millis>
  <sequence>35</sequence>
  <level>END</level>
  <class>com.kms.katalon.core.logging.XmlKeywordLogger</class>
  <method>endKeyword</method>
  <thread>1</thread>
  <message>End End action : le de clic en hoteles</message>
  <nestedLevel>2</nestedLevel>
</record>
<record>
  <date>2019-01-25T10:53:46</date>
  <millis>1548431626677</millis>
  <sequence>36</sequence>
  <level>START</level>
  <class>com.kms.katalon.core.logging.XmlKeywordLogger</class>
  <method>startKeyword</method>
  <thread>1</thread>
  <message>Start action : el usuario ingreso el cali</message>
  <nestedLevel>2</nestedLevel>
</record>
<record>
  <date>2019-01-25T10:53:46</date>
  <millis>1548431626823</millis>
  <sequence>48</sequence>
  <level>PASSED</level>
  <class>com.kms.katalon.core.logging.XmlKeywordLogger</class>
  <method>logMessage</method>
  <thread>1</thread>
  <message>Text &amp;apos;cali&amp;apos; is set on object &amp;apos;Object Repository/Page_tiquetes_baratos_2/Page_Tiquetes Baratos - Tiquetes y/input_Destino_PlaceName&amp;apos;</message>
  <nestedLevel>2</nestedLevel>
</record>
<record>
  <date>2019-01-25T10:53:46</date>
  <millis>1548431626824</millis>
  <sequence>49</sequence>
  <level>PASSED</level>
  <class>com.kms.katalon.core.logging.XmlKeywordLogger</class>
  <method>logMessage</method>
  <thread>1</thread>
  <message>el usuario ingreso el cali</message>
  <nestedLevel>2</nestedLevel>
</record>
<record>
  <date>2019-01-25T10:53:46</date>
  <millis>1548431626824</millis>
  <sequence>50</sequence>
  <level>END</level>
  <class>com.kms.katalon.core.logging.XmlKeywordLogger</class>
  <method>endKeyword</method>
  <thread>1</thread>
  <message>End End action : el usuario ingreso el cali</message>
  <nestedLevel>2</nestedLevel>
</record>
<record>
  <date>2019-01-25T10:53:46</date>
  <millis>1548431626824</millis>
  <sequence>51</sequence>
  <level>START</level>
  <class>com.kms.katalon.core.logging.XmlKeywordLogger</class>
  <method>startKeyword</method>
  <thread>1</thread>
  <message>Start action : el usuario ingreso la 25/01/2019</message>
  <nestedLevel>2</nestedLevel>
</record>
<record>
  <date>2019-01-25T10:53:47</date>
  <millis>1548431627012</millis>
  <sequence>63</sequence>
  <level>PASSED</level>
  <class>com.kms.katalon.core.logging.XmlKeywordLogger</class>
  <method>logMessage</method>
  <thread>1</thread>
  <message>Text &amp;apos;25/01/2019&amp;apos; is set on object &amp;apos;Object Repository/Page_tiquetes_baratos_2/Page_Tiquetes Baratos - Tiquetes y/input_Fecha de llegada_ap_dest&amp;apos;</message>
  <nestedLevel>2</nestedLevel>
</record>
<record>
  <date>2019-01-25T10:53:47</date>
  <millis>1548431627012</millis>
  <sequence>64</sequence>
  <level>PASSED</level>
  <class>com.kms.katalon.core.logging.XmlKeywordLogger</class>
  <method>logMessage</method>
  <thread>1</thread>
  <message>el usuario ingreso la 25/01/2019</message>
  <nestedLevel>2</nestedLevel>
</record>
<record>
  <date>2019-01-25T10:53:47</date>
  <millis>1548431627013</millis>
  <sequence>65</sequence>
  <level>END</level>
  <class>com.kms.katalon.core.logging.XmlKeywordLogger</class>
  <method>endKeyword</method>
  <thread>1</thread>
  <message>End End action : el usuario ingreso la 25/01/2019</message>
  <nestedLevel>2</nestedLevel>
</record>
<record>
  <date>2019-01-25T10:53:47</date>
  <millis>1548431627013</millis>
  <sequence>66</sequence>
  <level>START</level>
  <class>com.kms.katalon.core.logging.XmlKeywordLogger</class>
  <method>startKeyword</method>
  <thread>1</thread>
  <message>Start action : el usuario ingreso las 27/01/2019</message>
  <nestedLevel>2</nestedLevel>
</record>
<record>
  <date>2019-01-25T10:53:47</date>
  <millis>1548431627189</millis>
  <sequence>78</sequence>
  <level>PASSED</level>
  <class>com.kms.katalon.core.logging.XmlKeywordLogger</class>
  <method>logMessage</method>
  <thread>1</thread>
  <message>Text &amp;apos;27/01/2019&amp;apos; is set on object &amp;apos;Object Repository/Page_tiquetes_baratos_2/Page_Tiquetes Baratos - Tiquetes y/input_Fecha de salida_ap_dest_&amp;apos;</message>
  <nestedLevel>2</nestedLevel>
</record>
<record>
  <date>2019-01-25T10:53:47</date>
  <millis>1548431627190</millis>
  <sequence>79</sequence>
  <level>PASSED</level>
  <class>com.kms.katalon.core.logging.XmlKeywordLogger</class>
  <method>logMessage</method>
  <thread>1</thread>
  <message>el usuario ingreso las 27/01/2019</message>
  <nestedLevel>2</nestedLevel>
</record>
<record>
  <date>2019-01-25T10:53:47</date>
  <millis>1548431627190</millis>
  <sequence>80</sequence>
  <level>END</level>
  <class>com.kms.katalon.core.logging.XmlKeywordLogger</class>
  <method>endKeyword</method>
  <thread>1</thread>
  <message>End End action : el usuario ingreso las 27/01/2019</message>
  <nestedLevel>2</nestedLevel>
</record>
<record>
  <date>2019-01-25T10:53:47</date>
  <millis>1548431627191</millis>
  <sequence>81</sequence>
  <level>START</level>
  <class>com.kms.katalon.core.logging.XmlKeywordLogger</class>
  <method>startKeyword</method>
  <thread>1</thread>
  <message>Start action : deberia visualizar la disponibilidad deacuerdo a la seleccion</message>
  <nestedLevel>2</nestedLevel>
</record>
<record>
  <date>2019-01-25T10:53:47</date>
  <millis>1548431627191</millis>
  <sequence>82</sequence>
  <level>PASSED</level>
  <class>com.kms.katalon.core.logging.XmlKeywordLogger</class>
  <method>logMessage</method>
  <thread>1</thread>
  <message>deberia visualizar la disponibilidad deacuerdo a la seleccion</message>
  <nestedLevel>2</nestedLevel>
</record>
<record>
  <date>2019-01-25T10:53:47</date>
  <millis>1548431627191</millis>
  <sequence>83</sequence>
  <level>END</level>
  <class>com.kms.katalon.core.logging.XmlKeywordLogger</class>
  <method>endKeyword</method>
  <thread>1</thread>
  <message>End End action : deberia visualizar la disponibilidad deacuerdo a la seleccion</message>
  <nestedLevel>2</nestedLevel>
</record>
<record>
  <date>2019-01-25T10:53:47</date>
  <millis>1548431627194</millis>
  <sequence>84</sequence>
  <level>PASSED</level>
  <class>com.kms.katalon.core.logging.XmlKeywordLogger</class>
  <method>logMessage</method>
  <thread>1</thread>
  <message>SCENARIO consulta de reserva</message>
  <nestedLevel>2</nestedLevel>
</record>
<record>
  <date>2019-01-25T10:53:47</date>
  <millis>1548431627194</millis>
  <sequence>85</sequence>
  <level>END</level>
  <class>com.kms.katalon.core.logging.XmlKeywordLogger</class>
  <method>endTest</method>
  <thread>1</thread>
  <message>End Test Case : SCENARIO consulta de reserva</message>
  <nestedLevel>1</nestedLevel>
</record>
<record>
  <date>2019-01-25T10:53:47</date>
  <millis>1548431627284</millis>
  <sequence>86</sequence>
  <level>PASSED</level>
  <class>com.kms.katalon.core.logging.XmlKeywordLogger</class>
  <method>logMessage</method>
  <thread>1</thread>
  <message>Feature file: &amp;apos;Include/features/reserva2.feature&amp;apos; was passed</message>
  <nestedLevel>1</nestedLevel>
</record>
<record>
  <date>2019-01-25T10:53:47</date>
  <millis>1548431627284</millis>
  <sequence>87</sequence>
  <level>END</level>
  <class>com.kms.katalon.core.logging.XmlKeywordLogger</class>
  <method>endKeyword</method>
  <thread>1</thread>
  <message>End action : runFeatureFile(\&amp;quot;Include/features/reserva2.feature\&amp;quot;)</message>
  <nestedLevel>1</nestedLevel>
</record>
<record>
  <date>2019-01-25T10:53:47</date>
  <millis>1548431627284</millis>
  <sequence>88</sequence>
  <level>PASSED</level>
  <class>com.kms.katalon.core.logging.XmlKeywordLogger</class>
  <method>logMessage</method>
  <thread>1</thread>
  <message>Test Cases/RepostesReservas</message>
  <nestedLevel>1</nestedLevel>
</record>
<record>
  <date>2019-01-25T10:53:47</date>
  <millis>1548431627285</millis>
  <sequence>89</sequence>
  <level>END</level>
  <class>com.kms.katalon.core.logging.XmlKeywordLogger</class>
  <method>endTest</method>
  <thread>1</thread>
  <message>End Test Case : Test Cases/RepostesReservas</message>
  <nestedLevel>0</nestedLevel>
</record>
<record>
  <date>2019-01-25T10:53:47</date>
  <millis>1548431627938</millis>
  <sequence>90</sequence>
  <level>END</level>
  <class>com.kms.katalon.core.logging.XmlKeywordLogger</class>
  <method>endSuite</method>
  <thread>1</thread>
  <message>End Test Suite : Test Suites/reserva</message>
  <nestedLevel>0</nestedLevel>
</record>
</log>
